0 info it worked if it ends with ok
1 verbose cli [ '/usr/local/bin/node',
1 verbose cli   '/Users/Javu/.node/bin/npm',
1 verbose cli   'run',
1 verbose cli   'build_server' ]
2 info using npm@2.13.2
3 info using node@v4.4.4
4 verbose run-script [ 'prebuild_server', 'build_server', 'postbuild_server' ]
5 info prebuild_server connectFour@1.0.0
6 info build_server connectFour@1.0.0
7 verbose unsafe-perm in lifecycle true
8 info connectFour@1.0.0 Failed to exec build_server script
9 verbose stack Error: connectFour@1.0.0 build_server: `babel es-js/gameServer.js -o js/gameServer.js && babel es-js/app.js -w -o ./app.js`
9 verbose stack Exit status 1
9 verbose stack     at EventEmitter.<anonymous> (/Users/Javu/.node/lib/node_modules/npm/lib/utils/lifecycle.js:214:16)
9 verbose stack     at emitTwo (events.js:87:13)
9 verbose stack     at EventEmitter.emit (events.js:172:7)
9 verbose stack     at ChildProcess.<anonymous> (/Users/Javu/.node/lib/node_modules/npm/lib/utils/spawn.js:24:14)
9 verbose stack     at emitTwo (events.js:87:13)
9 verbose stack     at ChildProcess.emit (events.js:172:7)
9 verbose stack     at maybeClose (internal/child_process.js:827:16)
9 verbose stack     at Process.ChildProcess._handle.onexit (internal/child_process.js:211:5)
10 verbose pkgid connectFour@1.0.0
11 verbose cwd /Users/Javu/myrepos/connectFour
12 error Darwin 15.5.0
13 error argv "/usr/local/bin/node" "/Users/Javu/.node/bin/npm" "run" "build_server"
14 error node v4.4.4
15 error npm  v2.13.2
16 error code ELIFECYCLE
17 error connectFour@1.0.0 build_server: `babel es-js/gameServer.js -o js/gameServer.js && babel es-js/app.js -w -o ./app.js`
17 error Exit status 1
18 error Failed at the connectFour@1.0.0 build_server script 'babel es-js/gameServer.js -o js/gameServer.js && babel es-js/app.js -w -o ./app.js'.
18 error This is most likely a problem with the connectFour package,
18 error not with npm itself.
18 error Tell the author that this fails on your system:
18 error     babel es-js/gameServer.js -o js/gameServer.js && babel es-js/app.js -w -o ./app.js
18 error You can get their info via:
18 error     npm owner ls connectFour
18 error There is likely additional logging output above.
19 verbose exit [ 1, true ]
